<?xml version="1.0" encoding="UTF-8"?>
<!-- Generated by org.testng.reporters.JUnitXMLReporter -->
<testsuite ignored="0" hostname="MSI" failures="0" tests="6" name="Default test" time="35.379" errors="0" timestamp="2022-10-14T00:45:12 IST">
  <testcase classname="com.capstone.AadharCitizen" name="ChromeBrowser" time="2.387"/>
  <testcase classname="com.capstone.AadharCitizen" name="CitizenCheck" time="10.106"/>
  <testcase classname="com.capstone.AadharAdmin" name="ChromeBrowser" time="1.032"/>
  <testcase classname="com.capstone.AadharAdmin" name="TestHome" time="13.387"/>
  <testcase classname="com.capstone.AadharRegister" name="ChromeBrowser" time="1.116"/>
  <testcase classname="com.capstone.AadharRegister" name="TestHome" time="7.298"/>
</testsuite> <!-- Default test -->
